[0.009s] Invoking command in '/home/praveen/turtlesim_project/build/my_turtle_interface': CMAKE_PREFIX_PATH=${CMAKE_PREFIX_PATH}:/home/praveen/turtlesim_project/install/turtle_catch_them_all:/opt/ros/humble /usr/bin/cmake --build /home/praveen/turtlesim_project/build/my_turtle_interface -- -j12 -l12
[0.030s] -- Found ament_cmake: 1.3.9 (/opt/ros/humble/share/ament_cmake/cmake)
[0.119s] -- Override CMake install command with custom implementation using symlinks instead of copying resources
[0.125s] -- Found rosidl_default_generators: 1.2.0 (/opt/ros/humble/share/rosidl_default_generators/cmake)
[0.126s] -- Using all available rosidl_typesupport_c: rosidl_typesupport_fastrtps_c;rosidl_typesupport_introspection_c
[0.128s] -- Found rosidl_adapter: 3.1.5 (/opt/ros/humble/share/rosidl_adapter/cmake)
[0.150s] -- Using all available rosidl_typesupport_cpp: rosidl_typesupport_fastrtps_cpp;rosidl_typesupport_introspection_cpp
[0.355s] -- Found ament_cmake_ros: 0.10.0 (/opt/ros/humble/share/ament_cmake_ros/cmake)
[0.492s] -- Using all available rosidl_typesupport_c: rosidl_typesupport_fastrtps_c;rosidl_typesupport_introspection_c
[0.673s] -- Using all available rosidl_typesupport_cpp: rosidl_typesupport_fastrtps_cpp;rosidl_typesupport_introspection_cpp
[0.691s] -- Found python_cmake_module: 0.10.0 (/opt/ros/humble/share/python_cmake_module/cmake)
[0.708s] -- Using PYTHON_EXECUTABLE: /usr/bin/python3
[0.708s] -- Using PYTHON_INCLUDE_DIRS: /usr/include/python3.10
[0.708s] -- Using PYTHON_LIBRARIES: /usr/lib/x86_64-linux-gnu/libpython3.10.so
[0.722s] -- Configuring done
[0.747s] -- Generating done
[0.750s] -- Build files have been written to: /home/praveen/turtlesim_project/build/my_turtle_interface
[0.771s] [  2%] [34m[1mGenerating C code for ROS interfaces[0m
[0.779s] [  5%] [34m[1mGenerating C++ code for ROS interfaces[0m
[0.787s] [  5%] Built target ament_cmake_python_symlink_my_turtle_interface
[0.983s] [35m[1mConsolidate compiler generated dependencies of target my_turtle_interface__rosidl_generator_c[0m
[0.989s] [  5%] Built target my_turtle_interface__cpp
[0.990s] running egg_info
[0.990s] writing my_turtle_interface.egg-info/PKG-INFO
[0.991s] writing dependency_links to my_turtle_interface.egg-info/dependency_links.txt
[0.991s] writing top-level names to my_turtle_interface.egg-info/top_level.txt
[0.993s] reading manifest file 'my_turtle_interface.egg-info/SOURCES.txt'
[0.993s] writing manifest file 'my_turtle_interface.egg-info/SOURCES.txt'
[0.995s] [ 10%] [32mBuilding C object CMakeFiles/my_turtle_interface__rosidl_generator_c.dir/rosidl_generator_c/my_turtle_interface/msg/detail/turtle_project__functions.c.o[0m
[0.995s] [ 10%] [32mBuilding C object CMakeFiles/my_turtle_interface__rosidl_generator_c.dir/rosidl_generator_c/my_turtle_interface/msg/detail/turtle_project_array__functions.c.o[0m
[0.998s] [ 17%] [34m[1mGenerating C++ type support for eProsima Fast-RTPS[0m
[0.998s] [ 17%] [34m[1mGenerating C++ introspection for ROS interfaces[0m
[0.998s] [ 17%] [34m[1mGenerating C++ type support dispatch for ROS interfaces[0m
[1.007s] In file included from [01m[K/home/praveen/turtlesim_project/build/my_turtle_interface/rosidl_generator_c/my_turtle_interface/msg/detail/turtle_project_array__functions.h:19[m[K,
[1.007s]                  from [01m[K/home/praveen/turtlesim_project/build/my_turtle_interface/rosidl_generator_c/my_turtle_interface/msg/detail/turtle_project_array__functions.c:4[m[K:
[1.007s] [01m[K/home/praveen/turtlesim_project/build/my_turtle_interface/rosidl_generator_c/my_turtle_interface/msg/detail/turtle_project_array__struct.h:22:10:[m[K [01;31m[Kfatal error: [m[Kmy_turtle_interface/msg/detail/turtle__struct.h: No such file or directory
[1.008s]    22 | #include [01;31m[K"my_turtle_interface/msg/detail/turtle__struct.h"[m[K
[1.008s]       |          [01;31m[K^~~~~~~~~~~~~~~~~~~~~~~~~~~~~~~~~~~~~~~~~~~~~~~~~[m[K
[1.008s] compilation terminated.
[1.008s] gmake[2]: *** [CMakeFiles/my_turtle_interface__rosidl_generator_c.dir/build.make:135: CMakeFiles/my_turtle_interface__rosidl_generator_c.dir/rosidl_generator_c/my_turtle_interface/msg/detail/turtle_project_array__functions.c.o] Error 1
[1.008s] gmake[2]: *** Waiting for unfinished jobs....
[1.024s] [ 17%] Built target ament_cmake_python_build_my_turtle_interface_egg
[1.027s] gmake[1]: *** [CMakeFiles/Makefile2:213: CMakeFiles/my_turtle_interface__rosidl_generator_c.dir/all] Error 2
[1.027s] gmake[1]: *** Waiting for unfinished jobs....
[1.174s] [35m[1mConsolidate compiler generated dependencies of target my_turtle_interface__rosidl_typesupport_cpp[0m
[1.186s] [ 23%] [32mBuilding CXX object CMakeFiles/my_turtle_interface__rosidl_typesupport_cpp.dir/rosidl_typesupport_cpp/my_turtle_interface/msg/turtle_project_array__type_support.cpp.o[0m
[1.187s] [ 23%] [32mBuilding CXX object CMakeFiles/my_turtle_interface__rosidl_typesupport_cpp.dir/rosidl_typesupport_cpp/my_turtle_interface/msg/turtle_project__type_support.cpp.o[0m
[1.191s] [35m[1mConsolidate compiler generated dependencies of target my_turtle_interface__rosidl_typesupport_introspection_cpp[0m
[1.200s] [35m[1mConsolidate compiler generated dependencies of target my_turtle_interface__rosidl_typesupport_fastrtps_cpp[0m
[1.204s] [ 28%] [32mBuilding CXX object CMakeFiles/my_turtle_interface__rosidl_typesupport_introspection_cpp.dir/rosidl_typesupport_introspection_cpp/my_turtle_interface/msg/detail/turtle_project__type_support.cpp.o[0m
[1.204s] [ 28%] [32mBuilding CXX object CMakeFiles/my_turtle_interface__rosidl_typesupport_introspection_cpp.dir/rosidl_typesupport_introspection_cpp/my_turtle_interface/msg/detail/turtle_project_array__type_support.cpp.o[0m
[1.213s] [ 33%] [32mBuilding CXX object CMakeFiles/my_turtle_interface__rosidl_typesupport_fastrtps_cpp.dir/rosidl_typesupport_fastrtps_cpp/my_turtle_interface/msg/detail/dds_fastrtps/turtle_project__type_support.cpp.o[0m
[1.213s] [ 33%] [32mBuilding CXX object CMakeFiles/my_turtle_interface__rosidl_typesupport_fastrtps_cpp.dir/rosidl_typesupport_fastrtps_cpp/my_turtle_interface/msg/detail/dds_fastrtps/turtle_project_array__type_support.cpp.o[0m
[1.230s] In file included from [01m[K/home/praveen/turtlesim_project/build/my_turtle_interface/rosidl_typesupport_cpp/my_turtle_interface/msg/turtle_project_array__type_support.cpp:7[m[K:
[1.230s] [01m[K/home/praveen/turtlesim_project/build/my_turtle_interface/rosidl_generator_cpp/my_turtle_interface/msg/detail/turtle_project_array__struct.hpp:20:10:[m[K [01;31m[Kfatal error: [m[Kmy_turtle_interface/msg/detail/turtle__struct.hpp: No such file or directory
[1.230s]    20 | #include [01;31m[K"my_turtle_interface/msg/detail/turtle__struct.hpp"[m[K
[1.230s]       |          [01;31m[K^~~~~~~~~~~~~~~~~~~~~~~~~~~~~~~~~~~~~~~~~~~~~~~~~~~[m[K
[1.230s] compilation terminated.
[1.232s] gmake[2]: *** [CMakeFiles/my_turtle_interface__rosidl_typesupport_cpp.dir/build.make:104: CMakeFiles/my_turtle_interface__rosidl_typesupport_cpp.dir/rosidl_typesupport_cpp/my_turtle_interface/msg/turtle_project_array__type_support.cpp.o] Error 1
[1.232s] gmake[2]: *** Waiting for unfinished jobs....
[1.252s] In file included from [01m[K/home/praveen/turtlesim_project/build/my_turtle_interface/rosidl_typesupport_introspection_cpp/my_turtle_interface/msg/detail/turtle_project_array__type_support.cpp:12[m[K:
[1.252s] [01m[K/home/praveen/turtlesim_project/build/my_turtle_interface/rosidl_generator_cpp/my_turtle_interface/msg/detail/turtle_project_array__struct.hpp:20:10:[m[K [01;31m[Kfatal error: [m[Kmy_turtle_interface/msg/detail/turtle__struct.hpp: No such file or directory
[1.252s]    20 | #include [01;31m[K"my_turtle_interface/msg/detail/turtle__struct.hpp"[m[K
[1.252s]       |          [01;31m[K^~~~~~~~~~~~~~~~~~~~~~~~~~~~~~~~~~~~~~~~~~~~~~~~~~~[m[K
[1.252s] compilation terminated.
[1.254s] gmake[2]: *** [CMakeFiles/my_turtle_interface__rosidl_typesupport_introspection_cpp.dir/build.make:112: CMakeFiles/my_turtle_interface__rosidl_typesupport_introspection_cpp.dir/rosidl_typesupport_introspection_cpp/my_turtle_interface/msg/detail/turtle_project_array__type_support.cpp.o] Error 1
[1.254s] gmake[2]: *** Waiting for unfinished jobs....
[1.258s] In file included from [01m[K/home/praveen/turtlesim_project/build/my_turtle_interface/rosidl_typesupport_fastrtps_cpp/my_turtle_interface/msg/detail/turtle_project_array__rosidl_typesupport_fastrtps_cpp.hpp:11[m[K,
[1.258s]                  from [01m[K/home/praveen/turtlesim_project/build/my_turtle_interface/rosidl_typesupport_fastrtps_cpp/my_turtle_interface/msg/detail/dds_fastrtps/turtle_project_array__type_support.cpp:4[m[K:
[1.258s] [01m[K/home/praveen/turtlesim_project/build/my_turtle_interface/rosidl_generator_cpp/my_turtle_interface/msg/detail/turtle_project_array__struct.hpp:20:10:[m[K [01;31m[Kfatal error: [m[Kmy_turtle_interface/msg/detail/turtle__struct.hpp: No such file or directory
[1.258s]    20 | #include [01;31m[K"my_turtle_interface/msg/detail/turtle__struct.hpp"[m[K
[1.258s]       |          [01;31m[K^~~~~~~~~~~~~~~~~~~~~~~~~~~~~~~~~~~~~~~~~~~~~~~~~~~[m[K
[1.258s] compilation terminated.
[1.259s] gmake[2]: *** [CMakeFiles/my_turtle_interface__rosidl_typesupport_fastrtps_cpp.dir/build.make:112: CMakeFiles/my_turtle_interface__rosidl_typesupport_fastrtps_cpp.dir/rosidl_typesupport_fastrtps_cpp/my_turtle_interface/msg/detail/dds_fastrtps/turtle_project_array__type_support.cpp.o] Error 1
[1.260s] gmake[2]: *** Waiting for unfinished jobs....
[1.374s] gmake[1]: *** [CMakeFiles/Makefile2:395: CMakeFiles/my_turtle_interface__rosidl_typesupport_cpp.dir/all] Error 2
[1.470s] gmake[1]: *** [CMakeFiles/Makefile2:369: CMakeFiles/my_turtle_interface__rosidl_typesupport_introspection_cpp.dir/all] Error 2
[1.486s] gmake[1]: *** [CMakeFiles/Makefile2:343: CMakeFiles/my_turtle_interface__rosidl_typesupport_fastrtps_cpp.dir/all] Error 2
[1.486s] gmake: *** [Makefile:146: all] Error 2
[1.488s] Invoked command in '/home/praveen/turtlesim_project/build/my_turtle_interface' returned '2': CMAKE_PREFIX_PATH=${CMAKE_PREFIX_PATH}:/home/praveen/turtlesim_project/install/turtle_catch_them_all:/opt/ros/humble /usr/bin/cmake --build /home/praveen/turtlesim_project/build/my_turtle_interface -- -j12 -l12
