[0.008s] Invoking command in '/home/praveen/turtlesim_project/build/my_turtle_interface': CMAKE_PREFIX_PATH=/home/praveen/turtlesim_project/install/turtle_catch_them_all:/opt/ros/humble /usr/bin/cmake /home/praveen/turtlesim_project/src/my_turtle_interface -DAMENT_CMAKE_SYMLINK_INSTALL=1 -DCMAKE_INSTALL_PREFIX=/home/praveen/turtlesim_project/install/my_turtle_interface
[0.085s] -- The C compiler identification is GNU 11.4.0
[0.144s] -- The CXX compiler identification is GNU 11.4.0
[0.153s] -- Detecting C compiler ABI info
[0.212s] -- Detecting C compiler ABI info - done
[0.217s] -- Check for working C compiler: /usr/bin/cc - skipped
[0.217s] -- Detecting C compile features
[0.218s] -- Detecting C compile features - done
[0.221s] -- Detecting CXX compiler ABI info
[0.287s] -- Detecting CXX compiler ABI info - done
[0.292s] -- Check for working CXX compiler: /usr/bin/c++ - skipped
[0.292s] -- Detecting CXX compile features
[0.292s] -- Detecting CXX compile features - done
[0.295s] -- Found ament_cmake: 1.3.9 (/opt/ros/humble/share/ament_cmake/cmake)
[0.414s] -- Found Python3: /usr/bin/python3 (found version "3.10.12") found components: Interpreter 
[0.463s] -- Override CMake install command with custom implementation using symlinks instead of copying resources
[0.492s] -- Found rosidl_default_generators: 1.2.0 (/opt/ros/humble/share/rosidl_default_generators/cmake)
[0.496s] -- Using all available rosidl_typesupport_c: rosidl_typesupport_fastrtps_c;rosidl_typesupport_introspection_c
[0.502s] -- Found rosidl_adapter: 3.1.5 (/opt/ros/humble/share/rosidl_adapter/cmake)
[0.545s] -- Using all available rosidl_typesupport_cpp: rosidl_typesupport_fastrtps_cpp;rosidl_typesupport_introspection_cpp
[0.762s] -- Found ament_cmake_ros: 0.10.0 (/opt/ros/humble/share/ament_cmake_ros/cmake)
[0.903s] -- Using all available rosidl_typesupport_c: rosidl_typesupport_fastrtps_c;rosidl_typesupport_introspection_c
[1.083s] -- Using all available rosidl_typesupport_cpp: rosidl_typesupport_fastrtps_cpp;rosidl_typesupport_introspection_cpp
[1.100s] -- Found PythonInterp: /usr/bin/python3 (found suitable version "3.10.12", minimum required is "3.6") 
[1.102s] -- Found python_cmake_module: 0.10.0 (/opt/ros/humble/share/python_cmake_module/cmake)
[1.122s] -- Found PythonLibs: /usr/lib/x86_64-linux-gnu/libpython3.10.so (found suitable version "3.10.12", minimum required is "3.5") 
[1.122s] -- Using PYTHON_EXECUTABLE: /usr/bin/python3
[1.122s] -- Using PYTHON_INCLUDE_DIRS: /usr/include/python3.10
[1.122s] -- Using PYTHON_LIBRARIES: /usr/lib/x86_64-linux-gnu/libpython3.10.so
[1.140s] -- Found PythonExtra: .so  
[1.175s] -- Configuring done
[1.199s] -- Generating done
[1.201s] -- Build files have been written to: /home/praveen/turtlesim_project/build/my_turtle_interface
[1.207s] Invoked command in '/home/praveen/turtlesim_project/build/my_turtle_interface' returned '0': CMAKE_PREFIX_PATH=/home/praveen/turtlesim_project/install/turtle_catch_them_all:/opt/ros/humble /usr/bin/cmake /home/praveen/turtlesim_project/src/my_turtle_interface -DAMENT_CMAKE_SYMLINK_INSTALL=1 -DCMAKE_INSTALL_PREFIX=/home/praveen/turtlesim_project/install/my_turtle_interface
[1.208s] Invoking command in '/home/praveen/turtlesim_project/build/my_turtle_interface': CMAKE_PREFIX_PATH=/home/praveen/turtlesim_project/install/turtle_catch_them_all:/opt/ros/humble /usr/bin/cmake --build /home/praveen/turtlesim_project/build/my_turtle_interface -- -j12 -l12
[1.242s] [  2%] [34m[1mGenerating C code for ROS interfaces[0m
[1.250s] [  5%] [34m[1mGenerating C++ code for ROS interfaces[0m
[1.257s] [  5%] Built target ament_cmake_python_symlink_my_turtle_interface
[1.459s] [  5%] Built target my_turtle_interface__cpp
[1.462s] running egg_info
[1.463s] creating my_turtle_interface.egg-info
[1.463s] writing my_turtle_interface.egg-info/PKG-INFO
[1.463s] writing dependency_links to my_turtle_interface.egg-info/dependency_links.txt
[1.463s] writing top-level names to my_turtle_interface.egg-info/top_level.txt
[1.463s] writing manifest file 'my_turtle_interface.egg-info/SOURCES.txt'
[1.465s] reading manifest file 'my_turtle_interface.egg-info/SOURCES.txt'
[1.465s] writing manifest file 'my_turtle_interface.egg-info/SOURCES.txt'
[1.467s] [ 12%] [34m[1mGenerating C++ type support for eProsima Fast-RTPS[0m
[1.467s] [ 12%] [34m[1mGenerating C++ introspection for ROS interfaces[0m
[1.467s] [ 12%] [34m[1mGenerating C++ type support dispatch for ROS interfaces[0m
[1.475s] [ 17%] [32mBuilding C object CMakeFiles/my_turtle_interface__rosidl_generator_c.dir/rosidl_generator_c/my_turtle_interface/msg/detail/turtle_project_array__functions.c.o[0m
[1.475s] [ 17%] [32mBuilding C object CMakeFiles/my_turtle_interface__rosidl_generator_c.dir/rosidl_generator_c/my_turtle_interface/msg/detail/turtle_project__functions.c.o[0m
[1.493s] In file included from [01m[K/home/praveen/turtlesim_project/build/my_turtle_interface/rosidl_generator_c/my_turtle_interface/msg/detail/turtle_project_array__functions.h:19[m[K,
[1.493s]                  from [01m[K/home/praveen/turtlesim_project/build/my_turtle_interface/rosidl_generator_c/my_turtle_interface/msg/detail/turtle_project_array__functions.c:4[m[K:
[1.493s] [01m[K/home/praveen/turtlesim_project/build/my_turtle_interface/rosidl_generator_c/my_turtle_interface/msg/detail/turtle_project_array__struct.h:22:10:[m[K [01;31m[Kfatal error: [m[Kmy_turtle_interface/msg/detail/turtle__struct.h: No such file or directory
[1.493s]    22 | #include [01;31m[K"my_turtle_interface/msg/detail/turtle__struct.h"[m[K
[1.493s]       |          [01;31m[K^~~~~~~~~~~~~~~~~~~~~~~~~~~~~~~~~~~~~~~~~~~~~~~~~[m[K
[1.493s] compilation terminated.
[1.494s] gmake[2]: *** [CMakeFiles/my_turtle_interface__rosidl_generator_c.dir/build.make:135: CMakeFiles/my_turtle_interface__rosidl_generator_c.dir/rosidl_generator_c/my_turtle_interface/msg/detail/turtle_project_array__functions.c.o] Error 1
[1.494s] gmake[2]: *** Waiting for unfinished jobs....
[1.496s] [ 17%] Built target ament_cmake_python_build_my_turtle_interface_egg
[1.517s] gmake[1]: *** [CMakeFiles/Makefile2:213: CMakeFiles/my_turtle_interface__rosidl_generator_c.dir/all] Error 2
[1.517s] gmake[1]: *** Waiting for unfinished jobs....
[1.654s] [ 20%] [32mBuilding CXX object CMakeFiles/my_turtle_interface__rosidl_typesupport_cpp.dir/rosidl_typesupport_cpp/my_turtle_interface/msg/turtle_project__type_support.cpp.o[0m
[1.654s] [ 23%] [32mBuilding CXX object CMakeFiles/my_turtle_interface__rosidl_typesupport_cpp.dir/rosidl_typesupport_cpp/my_turtle_interface/msg/turtle_project_array__type_support.cpp.o[0m
[1.669s] [ 25%] [32mBuilding CXX object CMakeFiles/my_turtle_interface__rosidl_typesupport_introspection_cpp.dir/rosidl_typesupport_introspection_cpp/my_turtle_interface/msg/detail/turtle_project__type_support.cpp.o[0m
[1.669s] [ 28%] [32mBuilding CXX object CMakeFiles/my_turtle_interface__rosidl_typesupport_introspection_cpp.dir/rosidl_typesupport_introspection_cpp/my_turtle_interface/msg/detail/turtle_project_array__type_support.cpp.o[0m
[1.678s] [ 33%] [32mBuilding CXX object CMakeFiles/my_turtle_interface__rosidl_typesupport_fastrtps_cpp.dir/rosidl_typesupport_fastrtps_cpp/my_turtle_interface/msg/detail/dds_fastrtps/turtle_project_array__type_support.cpp.o[0m
[1.678s] [ 33%] [32mBuilding CXX object CMakeFiles/my_turtle_interface__rosidl_typesupport_fastrtps_cpp.dir/rosidl_typesupport_fastrtps_cpp/my_turtle_interface/msg/detail/dds_fastrtps/turtle_project__type_support.cpp.o[0m
[1.719s] In file included from [01m[K/home/praveen/turtlesim_project/build/my_turtle_interface/rosidl_typesupport_cpp/my_turtle_interface/msg/turtle_project_array__type_support.cpp:7[m[K:
[1.719s] [01m[K/home/praveen/turtlesim_project/build/my_turtle_interface/rosidl_generator_cpp/my_turtle_interface/msg/detail/turtle_project_array__struct.hpp:20:10:[m[K [01;31m[Kfatal error: [m[Kmy_turtle_interface/msg/detail/turtle__struct.hpp: No such file or directory
[1.719s]    20 | #include [01;31m[K"my_turtle_interface/msg/detail/turtle__struct.hpp"[m[K
[1.719s]       |          [01;31m[K^~~~~~~~~~~~~~~~~~~~~~~~~~~~~~~~~~~~~~~~~~~~~~~~~~~[m[K
[1.719s] compilation terminated.
[1.721s] gmake[2]: *** [CMakeFiles/my_turtle_interface__rosidl_typesupport_cpp.dir/build.make:104: CMakeFiles/my_turtle_interface__rosidl_typesupport_cpp.dir/rosidl_typesupport_cpp/my_turtle_interface/msg/turtle_project_array__type_support.cpp.o] Error 1
[1.721s] gmake[2]: *** Waiting for unfinished jobs....
[1.728s] In file included from [01m[K/home/praveen/turtlesim_project/build/my_turtle_interface/rosidl_typesupport_introspection_cpp/my_turtle_interface/msg/detail/turtle_project_array__type_support.cpp:12[m[K:
[1.728s] [01m[K/home/praveen/turtlesim_project/build/my_turtle_interface/rosidl_generator_cpp/my_turtle_interface/msg/detail/turtle_project_array__struct.hpp:20:10:[m[K [01;31m[Kfatal error: [m[Kmy_turtle_interface/msg/detail/turtle__struct.hpp: No such file or directory
[1.728s]    20 | #include [01;31m[K"my_turtle_interface/msg/detail/turtle__struct.hpp"[m[K
[1.729s]       |          [01;31m[K^~~~~~~~~~~~~~~~~~~~~~~~~~~~~~~~~~~~~~~~~~~~~~~~~~~[m[K
[1.729s] compilation terminated.
[1.730s] gmake[2]: *** [CMakeFiles/my_turtle_interface__rosidl_typesupport_introspection_cpp.dir/build.make:112: CMakeFiles/my_turtle_interface__rosidl_typesupport_introspection_cpp.dir/rosidl_typesupport_introspection_cpp/my_turtle_interface/msg/detail/turtle_project_array__type_support.cpp.o] Error 1
[1.730s] gmake[2]: *** Waiting for unfinished jobs....
[1.737s] In file included from [01m[K/home/praveen/turtlesim_project/build/my_turtle_interface/rosidl_typesupport_fastrtps_cpp/my_turtle_interface/msg/detail/turtle_project_array__rosidl_typesupport_fastrtps_cpp.hpp:11[m[K,
[1.737s]                  from [01m[K/home/praveen/turtlesim_project/build/my_turtle_interface/rosidl_typesupport_fastrtps_cpp/my_turtle_interface/msg/detail/dds_fastrtps/turtle_project_array__type_support.cpp:4[m[K:
[1.737s] [01m[K/home/praveen/turtlesim_project/build/my_turtle_interface/rosidl_generator_cpp/my_turtle_interface/msg/detail/turtle_project_array__struct.hpp:20:10:[m[K [01;31m[Kfatal error: [m[Kmy_turtle_interface/msg/detail/turtle__struct.hpp: No such file or directory
[1.737s]    20 | #include [01;31m[K"my_turtle_interface/msg/detail/turtle__struct.hpp"[m[K
[1.737s]       |          [01;31m[K^~~~~~~~~~~~~~~~~~~~~~~~~~~~~~~~~~~~~~~~~~~~~~~~~~~[m[K
[1.737s] compilation terminated.
[1.739s] gmake[2]: *** [CMakeFiles/my_turtle_interface__rosidl_typesupport_fastrtps_cpp.dir/build.make:112: CMakeFiles/my_turtle_interface__rosidl_typesupport_fastrtps_cpp.dir/rosidl_typesupport_fastrtps_cpp/my_turtle_interface/msg/detail/dds_fastrtps/turtle_project_array__type_support.cpp.o] Error 1
[1.739s] gmake[2]: *** Waiting for unfinished jobs....
[1.886s] gmake[1]: *** [CMakeFiles/Makefile2:395: CMakeFiles/my_turtle_interface__rosidl_typesupport_cpp.dir/all] Error 2
[1.965s] gmake[1]: *** [CMakeFiles/Makefile2:343: CMakeFiles/my_turtle_interface__rosidl_typesupport_fastrtps_cpp.dir/all] Error 2
[1.969s] gmake[1]: *** [CMakeFiles/Makefile2:369: CMakeFiles/my_turtle_interface__rosidl_typesupport_introspection_cpp.dir/all] Error 2
[1.970s] gmake: *** [Makefile:146: all] Error 2
[1.972s] Invoked command in '/home/praveen/turtlesim_project/build/my_turtle_interface' returned '2': CMAKE_PREFIX_PATH=/home/praveen/turtlesim_project/install/turtle_catch_them_all:/opt/ros/humble /usr/bin/cmake --build /home/praveen/turtlesim_project/build/my_turtle_interface -- -j12 -l12
